<?xml version="1.0" encoding="UTF-8"?>
<testng-results ignored="0" total="1" passed="1" failed="0" skipped="0">
  <reporter-output>
  </reporter-output>
  <suite started-at="2026-09-08T13:39:53 IST" name="Surefire suite" finished-at="2026-09-08T13:40:03 IST" duration-ms="9790">
    <groups>
    </groups>
    <test started-at="2026-09-08T13:39:53 IST" name="Surefire test" finished-at="2026-09-08T13:40:03 IST" duration-ms="9790">
      <class name="com.automation.tests.LoginTest">
        <test-method is-config="true" signature="setUp()[pri:0, instance:com.automation.tests.LoginTest@5762806e]" started-at="2026-09-08T13:39:53 IST" name="setUp" finished-at="2026-09-08T13:40:01 IST" duration-ms="7248" status="PASS">
          <reporter-output>
          </reporter-output>
        </test-method> <!-- setUp -->
        <test-method signature="validLoginTest()[pri:0, instance:com.automation.tests.LoginTest@5762806e]" started-at="2026-09-08T13:40:01 IST" name="validLoginTest" finished-at="2026-09-08T13:40:03 IST" duration-ms="2061" status="PASS">
          <reporter-output>
          </reporter-output>
        </test-method> <!-- validLoginTest -->
        <test-method is-config="true" signature="tearDown()[pri:0, instance:com.automation.tests.LoginTest@5762806e]" started-at="2026-09-08T13:40:03 IST" name="tearDown" finished-at="2026-09-08T13:40:03 IST" duration-ms="406" status="PASS">
          <reporter-output>
          </reporter-output>
        </test-method> <!-- tearDown -->
      </class> <!-- com.automation.tests.LoginTest -->
    </test> <!-- Surefire test -->
  </suite> <!-- Surefire suite -->
</testng-results>
